This file contains any messages produced by compilers while
running configure, to aid debugging if configure makes a mistake.

It was created by AVS4000 configure 1.0.0, which was
generated by GNU Autoconf 2.69.  Invocation command line was

  $ ./configure 

## --------- ##
## Platform. ##
## --------- ##

hostname = toa-dev.innoplex.com
uname -m = x86_64
uname -r = 3.10.0-957.1.3.el7.x86_64
uname -s = Linux
uname -v = #1 SMP Thu Nov 29 14:49:43 UTC 2018

/usr/bin/uname -p = x86_64
/bin/uname -X     = unknown

/bin/arch              = x86_64
/usr/bin/arch -k       = unknown
/usr/convex/getsysinfo = unknown
/usr/bin/hostinfo      = unknown
/bin/machine           = unknown
/usr/bin/oslevel       = unknown
/bin/universe          = unknown

PATH: /usr/share/toa/web/node_modules/grunt-cli/bin
PATH: /usr/share/toa/web/node_modules/less/bin
PATH: /usr/share/toa/web/node_modules/coffee-script/bin
PATH: /opt/rh/rh-nodejs6/root/usr/bin
PATH: /usr/share/toa/web/node_modules/grunt-cli/bin
PATH: /usr/share/toa/web/node_modules/less/bin
PATH: /usr/share/toa/web/node_modules/coffee-script/bin
PATH: /opt/rh/rh-nodejs6/root/usr/bin
PATH: /usr/local/redhawk/core/bin
PATH: /usr/lib64/qt-3.3/bin
PATH: /usr/condabin
PATH: /usr/lib64/ccache
PATH: /usr/local/bin
PATH: /usr/bin
PATH: /bin
PATH: /usr/local/sbin
PATH: /usr/sbin
PATH: /usr/local/cuda/bin
PATH: /home/czimmerman/.local/bin
PATH: /home/czimmerman/bin
PATH: /usr/local/cuda/bin


## ----------- ##
## Core tests. ##
## ----------- ##

configure:1811: checking for a BSD-compatible install
configure:1879: result: /usr/bin/install -c
configure:1890: checking whether build environment is sane
configure:1945: result: yes
configure:2096: checking for a thread-safe mkdir -p
configure:2135: result: /usr/bin/mkdir -p
configure:2142: checking for gawk
configure:2158: found /usr/bin/gawk
configure:2169: result: gawk
configure:2180: checking whether make sets $(MAKE)
configure:2202: result: yes
configure:2231: checking whether make supports nested variables
configure:2248: result: yes
configure:2385: checking for pkg-config
configure:2403: found /usr/bin/pkg-config
configure:2415: result: /usr/bin/pkg-config
configure:2440: checking pkg-config is at least version 0.9.0
configure:2443: result: yes
configure:2454: checking for omniORB4
configure:2460: $PKG_CONFIG --exists --print-errors "omniORB4 >= 4.0.0"
configure:2463: $? = 0
configure:2470: result: yes
configure:2511: checking for ossie home
configure:2541: result: /usr/local/redhawk/core
configure:2548: checking to see ossie is installed
configure:2558: checking for sdr root
configure:2581: result: /var/redhawk/sdr
configure:2597: using /var/redhawk/sdr/ as installation prefix
configure:2637: checking for a Python interpreter with version >= 2.4
configure:2654: python -c import sys # split strings by '.' and convert to numeric. Append some zeros # because we need at least 4 digits for the hex conversion. # map returns an iterator in Python 3.0 and a list in 2.x minver = list(map(int, '2.4'.split('.'))) + [0, 0, 0] minverhex = 0 # xrange is not present in Python 3.0 and range returns an iterator for i in list(range(0, 4)): minverhex = (minverhex << 8) + minver[i] sys.exit(sys.hexversion < minverhex)
configure:2657: $? = 0
configure:2663: result: python
configure:2671: checking for python
configure:2689: found /usr/bin/python
configure:2701: result: /usr/bin/python
configure:2719: checking for python version
configure:2726: result: 2.7
configure:2738: checking for python platform
configure:2745: result: linux2
configure:2771: checking for python script directory
configure:2806: result: ${prefix}lib/python2.7/site-packages
configure:2815: checking for python extension module directory
configure:2850: result: ${exec_prefix}lib64/python2.7/site-packages
configure:2866: checking for OSSIE
configure:2874: $PKG_CONFIG --exists --print-errors "ossie >= 2.2"
configure:2877: $? = 0
configure:2892: $PKG_CONFIG --exists --print-errors "ossie >= 2.2"
configure:2895: $? = 0
configure:2950: result: yes
configure:2956: checking for python module ossie
configure:2971: result: yes
configure:2982: checking for OMNIORB
configure:2990: $PKG_CONFIG --exists --print-errors "omniORB4 >= 4.1.0"
configure:2993: $? = 0
configure:3008: $PKG_CONFIG --exists --print-errors "omniORB4 >= 4.1.0"
configure:3011: $? = 0
configure:3066: result: yes
configure:3072: checking for python module omniORB
configure:3087: result: yes
configure:3099: checking for frontend
configure:3107: $PKG_CONFIG --exists --print-errors "frontend >= 2.4"
configure:3110: $? = 0
configure:3125: $PKG_CONFIG --exists --print-errors "frontend >= 2.4"
configure:3128: $? = 0
configure:3183: result: yes
configure:3189: checking for python module frontend
configure:3204: result: yes
configure:3215: checking for bulkio
configure:3223: $PKG_CONFIG --exists --print-errors "bulkio >= 2.2"
configure:3226: $? = 0
configure:3241: $PKG_CONFIG --exists --print-errors "bulkio >= 2.2"
configure:3244: $? = 0
configure:3299: result: yes
configure:3305: checking for python module bulkio
configure:3320: result: yes
configure:3478: checking that generated files are newer than configure
configure:3484: result: done
configure:3492: creating ./config.status

## ---------------------- ##
## Running config.status. ##
## ---------------------- ##

This file was extended by AVS4000 config.status 1.0.0, which was
generated by GNU Autoconf 2.69.  Invocation command line was

  CONFIG_FILES    = 
  CONFIG_HEADERS  = 
  CONFIG_LINKS    = 
  CONFIG_COMMANDS = 
  $ ./config.status 

on toa-dev.innoplex.com

config.status:767: creating Makefile

## ---------------- ##
## Cache variables. ##
## ---------------- ##

ac_cv_corba_omniorb4=yes
ac_cv_env_OMNIORB_CFLAGS_set=
ac_cv_env_OMNIORB_CFLAGS_value=
ac_cv_env_OMNIORB_LIBS_set=
ac_cv_env_OMNIORB_LIBS_value=
ac_cv_env_OSSIE_CFLAGS_set=
ac_cv_env_OSSIE_CFLAGS_value=
ac_cv_env_OSSIE_LIBS_set=
ac_cv_env_OSSIE_LIBS_value=
ac_cv_env_PKG_CONFIG_set=
ac_cv_env_PKG_CONFIG_value=
ac_cv_env_PYTHON_set=
ac_cv_env_PYTHON_value=
ac_cv_env_build_alias_set=
ac_cv_env_build_alias_value=
ac_cv_env_bulkio_CFLAGS_set=
ac_cv_env_bulkio_CFLAGS_value=
ac_cv_env_bulkio_LIBS_set=
ac_cv_env_bulkio_LIBS_value=
ac_cv_env_frontend_CFLAGS_set=
ac_cv_env_frontend_CFLAGS_value=
ac_cv_env_frontend_LIBS_set=
ac_cv_env_frontend_LIBS_value=
ac_cv_env_host_alias_set=
ac_cv_env_host_alias_value=
ac_cv_env_target_alias_set=
ac_cv_env_target_alias_value=
ac_cv_path_PYTHON=/usr/bin/python
ac_cv_path_ac_pt_PKG_CONFIG=/usr/bin/pkg-config
ac_cv_path_install='/usr/bin/install -c'
ac_cv_path_mkdir=/usr/bin/mkdir
ac_cv_prog_AWK=gawk
ac_cv_prog_make_make_set=yes
ac_cv_pymod_bulkio=yes
ac_cv_pymod_frontend=yes
ac_cv_pymod_omniORB=yes
ac_cv_pymod_ossie=yes
am_cv_make_support_nested_variables=yes
am_cv_pathless_PYTHON=python
am_cv_python_platform=linux2
am_cv_python_pyexecdir='${exec_prefix}lib64/python2.7/site-packages'
am_cv_python_pythondir='${prefix}lib/python2.7/site-packages'
am_cv_python_version=2.7
ossie_cv_ossie_home=/usr/local/redhawk/core
ossie_cv_sdr_root=/var/redhawk/sdr
pkg_cv_OMNIORB_CFLAGS='-D__x86_64__ -D__linux__ -D__OSVERSION__=2  '
pkg_cv_OMNIORB_LIBS='-lomniORB4 -lomnithread  '
pkg_cv_OSSIE_CFLAGS='-D__x86_64__ -D__linux__ -D__OSVERSION__=2 -DENABLE_EVENTS=1 -I/usr/local/redhawk/core/include -I/usr/local/redhawk/core/include/ossie -I/usr/local/redhawk/core/share/idl  '
pkg_cv_OSSIE_LIBS='-L/usr/local/redhawk/core/lib64 -lossiecf -lossieidl -lCOS4 -lomniDynamic4 -lomniORB4 -lomnithread  '
pkg_cv_bulkio_CFLAGS='-D__x86_64__ -D__linux__ -D__OSVERSION__=2 -DENABLE_EVENTS=1 -I/usr/local/redhawk/core/include/bulkio -I/usr/local/redhawk/core/include/ossie -I/usr/local/redhawk/core/include -I/usr/local/redhawk/core/share/idl  '
pkg_cv_bulkio_LIBS='-L/usr/local/redhawk/core/lib64 -lbulkio-2.2 -lbulkioInterfaces -lossiecf -lossieidl -lCOS4 -lomniDynamic4 -lomniORB4 -lomnithread  '
pkg_cv_frontend_CFLAGS='-D__x86_64__ -D__linux__ -D__OSVERSION__=2 -DENABLE_EVENTS=1 -I/usr/local/redhawk/core/include/frontend -I/usr/local/redhawk/core/include/redhawk -I/usr/local/redhawk/core/include/ossie -I/usr/local/redhawk/core/include -I/usr/local/redhawk/core/share/idl  '
pkg_cv_frontend_LIBS='-L/usr/local/redhawk/core/lib64 -lfrontend-2.4 -lfrontendInterfaces -lbulkioInterfaces -lossiecf -lossieidl -lCOS4 -lomniDynamic4 -lomniORB4 -lomnithread  '

## ----------------- ##
## Output variables. ##
## ----------------- ##

ACLOCAL='${SHELL} /home/czimmerman/workspace/AVS4000/python/missing aclocal-1.13'
AMTAR='$${TAR-tar}'
AM_BACKSLASH='\'
AM_DEFAULT_V='$(AM_DEFAULT_VERBOSITY)'
AM_DEFAULT_VERBOSITY='1'
AM_V='$(V)'
AUTOCONF='${SHELL} /home/czimmerman/workspace/AVS4000/python/missing autoconf'
AUTOHEADER='${SHELL} /home/czimmerman/workspace/AVS4000/python/missing autoheader'
AUTOMAKE='${SHELL} /home/czimmerman/workspace/AVS4000/python/missing automake-1.13'
AWK='gawk'
CORBA_ORB='omniORB4'
CYGPATH_W='echo'
DEFS='-DPACKAGE_NAME=\"AVS4000\" -DPACKAGE_TARNAME=\"avs4000\" -DPACKAGE_VERSION=\"1.0.0\" -DPACKAGE_STRING=\"AVS4000\ 1.0.0\" -DPACKAGE_BUGREPORT=\"\" -DPACKAGE_URL=\"\" -DPACKAGE=\"avs4000\" -DVERSION=\"1.0.0\" -DHAVE_OMNIORB4=1'
ECHO_C=''
ECHO_N='-n'
ECHO_T=''
INSTALL_DATA='${INSTALL} -m 644'
INSTALL_PROGRAM='${INSTALL}'
INSTALL_SCRIPT='${INSTALL}'
INSTALL_STRIP_PROGRAM='$(install_sh) -c -s'
LIBOBJS=''
LIBS=''
LTLIBOBJS=''
MAKEINFO='${SHELL} /home/czimmerman/workspace/AVS4000/python/missing makeinfo'
MKDIR_P='/usr/bin/mkdir -p'
OMNIORB_CFLAGS='-D__x86_64__ -D__linux__ -D__OSVERSION__=2  '
OMNIORB_LIBS='-lomniORB4 -lomnithread  '
OSSIE_CFLAGS='-D__x86_64__ -D__linux__ -D__OSVERSION__=2 -DENABLE_EVENTS=1 -I/usr/local/redhawk/core/include -I/usr/local/redhawk/core/include/ossie -I/usr/local/redhawk/core/share/idl  '
OSSIE_HOME='/usr/local/redhawk/core'
OSSIE_LIBS='-L/usr/local/redhawk/core/lib64 -lossiecf -lossieidl -lCOS4 -lomniDynamic4 -lomniORB4 -lomnithread  '
PACKAGE='avs4000'
PACKAGE_BUGREPORT=''
PACKAGE_NAME='AVS4000'
PACKAGE_STRING='AVS4000 1.0.0'
PACKAGE_TARNAME='avs4000'
PACKAGE_URL=''
PACKAGE_VERSION='1.0.0'
PATH_SEPARATOR=':'
PKG_CONFIG='/usr/bin/pkg-config'
PYTHON='/usr/bin/python'
PYTHON_EXEC_PREFIX='${exec_prefix}'
PYTHON_PLATFORM='linux2'
PYTHON_PREFIX='${prefix}'
PYTHON_VERSION='2.7'
SDR_ROOT='/var/redhawk/sdr'
SET_MAKE=''
SHELL='/bin/sh'
STRIP=''
VERSION='1.0.0'
am__isrc=''
am__leading_dot='.'
am__tar='$${TAR-tar} chof - "$$tardir"'
am__untar='$${TAR-tar} xf -'
bindir='${exec_prefix}/bin'
build_alias=''
bulkio_CFLAGS='-D__x86_64__ -D__linux__ -D__OSVERSION__=2 -DENABLE_EVENTS=1 -I/usr/local/redhawk/core/include/bulkio -I/usr/local/redhawk/core/include/ossie -I/usr/local/redhawk/core/include -I/usr/local/redhawk/core/share/idl  '
bulkio_LIBS='-L/usr/local/redhawk/core/lib64 -lbulkio-2.2 -lbulkioInterfaces -lossiecf -lossieidl -lCOS4 -lomniDynamic4 -lomniORB4 -lomnithread  '
datadir='${datarootdir}'
datarootdir='${prefix}/share'
docdir='${datarootdir}/doc/${PACKAGE_TARNAME}'
dvidir='${docdir}'
exec_prefix='${prefix}'
frontend_CFLAGS='-D__x86_64__ -D__linux__ -D__OSVERSION__=2 -DENABLE_EVENTS=1 -I/usr/local/redhawk/core/include/frontend -I/usr/local/redhawk/core/include/redhawk -I/usr/local/redhawk/core/include/ossie -I/usr/local/redhawk/core/include -I/usr/local/redhawk/core/share/idl  '
frontend_LIBS='-L/usr/local/redhawk/core/lib64 -lfrontend-2.4 -lfrontendInterfaces -lbulkioInterfaces -lossiecf -lossieidl -lCOS4 -lomniDynamic4 -lomniORB4 -lomnithread  '
host_alias=''
htmldir='${docdir}'
includedir='${prefix}/include'
infodir='${datarootdir}/info'
install_sh='${SHELL} /home/czimmerman/workspace/AVS4000/python/install-sh'
libdir='${exec_prefix}/lib'
libexecdir='${exec_prefix}/libexec'
localedir='${datarootdir}/locale'
localstatedir='${prefix}/var'
mandir='${datarootdir}/man'
mkdir_p='$(MKDIR_P)'
oldincludedir='/usr/include'
pdfdir='${docdir}'
pkgpyexecdir='${pyexecdir}/avs4000'
pkgpythondir='${pythondir}/avs4000'
prefix='/var/redhawk/sdr/'
program_transform_name='s,x,x,'
psdir='${docdir}'
pyexecdir='${exec_prefix}lib64/python2.7/site-packages'
pythondir='${prefix}lib/python2.7/site-packages'
sbindir='${exec_prefix}/sbin'
sharedstatedir='${prefix}/com'
sysconfdir='${prefix}/etc'
target_alias=''

## ----------- ##
## confdefs.h. ##
## ----------- ##

/* confdefs.h */
#define PACKAGE_NAME "AVS4000"
#define PACKAGE_TARNAME "avs4000"
#define PACKAGE_VERSION "1.0.0"
#define PACKAGE_STRING "AVS4000 1.0.0"
#define PACKAGE_BUGREPORT ""
#define PACKAGE_URL ""
#define PACKAGE "avs4000"
#define VERSION "1.0.0"
#define HAVE_OMNIORB4 1

configure: exit 0
